2022-08-03 22:51:42,701 :: # _do_auth(): user: root
2022-08-03 22:51:42,702 :: # _do_auth(): self._auth_plugin: 
2022-08-03 22:51:42,702 :: # _do_auth(): user: root
2022-08-03 22:51:42,702 :: # _do_auth(): password: rev519@07A#58B
2022-08-03 22:51:42,702 :: package: mysql.connector.plugins
2022-08-03 22:51:42,702 :: plugin_name: caching_sha2_password
2022-08-03 22:51:42,705 :: AUTHENTICATION_PLUGIN_CLASS: MySQLCachingSHA2PasswordAuthPlugin
2022-08-03 22:51:42,705 :: new_auth_plugin: caching_sha2_password
2022-08-03 22:51:42,705 :: Logging into the database, set pre-requisites by config file
2022-08-04 15:57:25,889 :: # _do_auth(): user: root
2022-08-04 15:57:25,890 :: # _do_auth(): self._auth_plugin: 
2022-08-04 15:57:25,890 :: # _do_auth(): user: root
2022-08-04 15:57:25,890 :: # _do_auth(): password: rev519@07A#58B
2022-08-04 15:57:25,890 :: package: mysql.connector.plugins
2022-08-04 15:57:25,890 :: plugin_name: caching_sha2_password
2022-08-04 15:57:25,909 :: AUTHENTICATION_PLUGIN_CLASS: MySQLCachingSHA2PasswordAuthPlugin
2022-08-04 15:57:25,909 :: new_auth_plugin: caching_sha2_password
2022-08-04 15:57:25,912 :: Logging into the database, set pre-requisites by config file
2022-08-04 15:57:35,416 :: # _do_auth(): user: root
2022-08-04 15:57:35,416 :: # _do_auth(): self._auth_plugin: 
2022-08-04 15:57:35,416 :: # _do_auth(): user: root
2022-08-04 15:57:35,416 :: # _do_auth(): password: rev519@07A#58B
2022-08-04 15:57:35,416 :: package: mysql.connector.plugins
2022-08-04 15:57:35,416 :: plugin_name: caching_sha2_password
2022-08-04 15:57:35,419 :: AUTHENTICATION_PLUGIN_CLASS: MySQLCachingSHA2PasswordAuthPlugin
2022-08-04 15:57:35,419 :: new_auth_plugin: caching_sha2_password
2022-08-04 15:57:35,420 :: Logging into the database, set pre-requisites by config file
2022-08-04 17:29:11,700 :: # _do_auth(): user: root
2022-08-04 17:29:11,700 :: # _do_auth(): self._auth_plugin: 
2022-08-04 17:29:11,700 :: # _do_auth(): user: root
2022-08-04 17:29:11,700 :: # _do_auth(): password: rev519@07A#58B
2022-08-04 17:29:11,700 :: package: mysql.connector.plugins
2022-08-04 17:29:11,700 :: plugin_name: caching_sha2_password
2022-08-04 17:29:11,705 :: AUTHENTICATION_PLUGIN_CLASS: MySQLCachingSHA2PasswordAuthPlugin
2022-08-04 17:29:11,705 :: new_auth_plugin: caching_sha2_password
2022-08-04 17:29:11,707 :: Logging into the database, set pre-requisites by config file
2022-08-04 17:35:40,327 :: # _do_auth(): user: root
2022-08-04 17:35:40,328 :: # _do_auth(): self._auth_plugin: 
2022-08-04 17:35:40,328 :: # _do_auth(): user: root
2022-08-04 17:35:40,328 :: # _do_auth(): password: rev519@07A#58B
2022-08-04 17:35:40,328 :: package: mysql.connector.plugins
2022-08-04 17:35:40,328 :: plugin_name: caching_sha2_password
2022-08-04 17:35:40,331 :: AUTHENTICATION_PLUGIN_CLASS: MySQLCachingSHA2PasswordAuthPlugin
2022-08-04 17:35:40,331 :: new_auth_plugin: caching_sha2_password
2022-08-04 17:35:40,331 :: Logging into the database, set pre-requisites by config file
2022-08-04 17:36:20,300 :: UPDATED customers TABLE
2022-08-04 17:36:28,252 :: # _do_auth(): user: root
2022-08-04 17:36:28,252 :: # _do_auth(): self._auth_plugin: 
2022-08-04 17:36:28,252 :: # _do_auth(): user: root
2022-08-04 17:36:28,252 :: # _do_auth(): password: rev519@07A#58B
2022-08-04 17:36:28,252 :: package: mysql.connector.plugins
2022-08-04 17:36:28,252 :: plugin_name: caching_sha2_password
2022-08-04 17:36:28,255 :: AUTHENTICATION_PLUGIN_CLASS: MySQLCachingSHA2PasswordAuthPlugin
2022-08-04 17:36:28,255 :: new_auth_plugin: caching_sha2_password
2022-08-04 17:36:28,256 :: Logging into the database, set pre-requisites by config file
2022-08-04 17:36:33,118 :: SHOWED ALL AVAILABLE QUERIES WITHIN TABLE customers
2022-08-04 17:59:45,084 :: # _do_auth(): user: root
2022-08-04 17:59:45,085 :: # _do_auth(): self._auth_plugin: 
2022-08-04 17:59:45,085 :: # _do_auth(): user: root
2022-08-04 17:59:45,085 :: # _do_auth(): password: rev519@07A#58B
2022-08-04 17:59:45,085 :: package: mysql.connector.plugins
2022-08-04 17:59:45,085 :: plugin_name: caching_sha2_password
2022-08-04 17:59:45,087 :: AUTHENTICATION_PLUGIN_CLASS: MySQLCachingSHA2PasswordAuthPlugin
2022-08-04 17:59:45,088 :: new_auth_plugin: caching_sha2_password
2022-08-04 17:59:45,089 :: Logging into the database, set pre-requisites by config file
2022-08-04 18:02:44,758 :: # _do_auth(): user: root
2022-08-04 18:02:44,759 :: # _do_auth(): self._auth_plugin: 
2022-08-04 18:02:44,759 :: # _do_auth(): user: root
2022-08-04 18:02:44,759 :: # _do_auth(): password: rev519@07A#58B
2022-08-04 18:02:44,759 :: package: mysql.connector.plugins
2022-08-04 18:02:44,759 :: plugin_name: caching_sha2_password
2022-08-04 18:02:44,761 :: AUTHENTICATION_PLUGIN_CLASS: MySQLCachingSHA2PasswordAuthPlugin
2022-08-04 18:02:44,761 :: new_auth_plugin: caching_sha2_password
2022-08-04 18:02:44,762 :: Logging into the database, set pre-requisites by config file
2022-08-04 18:05:57,469 :: # _do_auth(): user: root
2022-08-04 18:05:57,470 :: # _do_auth(): self._auth_plugin: 
2022-08-04 18:05:57,470 :: # _do_auth(): user: root
2022-08-04 18:05:57,470 :: # _do_auth(): password: rev519@07A#58B
2022-08-04 18:05:57,470 :: package: mysql.connector.plugins
2022-08-04 18:05:57,470 :: plugin_name: caching_sha2_password
2022-08-04 18:05:57,472 :: AUTHENTICATION_PLUGIN_CLASS: MySQLCachingSHA2PasswordAuthPlugin
2022-08-04 18:05:57,472 :: new_auth_plugin: caching_sha2_password
2022-08-04 18:05:57,473 :: Logging into the database, set pre-requisites by config file
2022-08-04 18:16:11,792 :: # _do_auth(): user: root
2022-08-04 18:16:11,793 :: # _do_auth(): self._auth_plugin: 
2022-08-04 18:16:11,793 :: # _do_auth(): user: root
2022-08-04 18:16:11,793 :: # _do_auth(): password: rev519@07A#58B
2022-08-04 18:16:11,793 :: package: mysql.connector.plugins
2022-08-04 18:16:11,793 :: plugin_name: caching_sha2_password
2022-08-04 18:16:11,795 :: AUTHENTICATION_PLUGIN_CLASS: MySQLCachingSHA2PasswordAuthPlugin
2022-08-04 18:16:11,795 :: new_auth_plugin: caching_sha2_password
2022-08-04 18:16:11,796 :: Logging into the database, set pre-requisites by config file
2022-08-04 18:16:37,096 :: Inserted new info into TABLE ordersHistory
2022-08-04 18:18:53,047 :: # _do_auth(): user: root
2022-08-04 18:18:53,047 :: # _do_auth(): self._auth_plugin: 
2022-08-04 18:18:53,047 :: # _do_auth(): user: root
2022-08-04 18:18:53,047 :: # _do_auth(): password: rev519@07A#58B
2022-08-04 18:18:53,047 :: package: mysql.connector.plugins
2022-08-04 18:18:53,047 :: plugin_name: caching_sha2_password
2022-08-04 18:18:53,050 :: AUTHENTICATION_PLUGIN_CLASS: MySQLCachingSHA2PasswordAuthPlugin
2022-08-04 18:18:53,050 :: new_auth_plugin: caching_sha2_password
2022-08-04 18:18:53,051 :: Logging into the database, set pre-requisites by config file
2022-08-04 18:18:58,535 :: SHOWED ALL AVAILABLE QUERIES WITHIN TABLE customers
